<?xml version="1.0" encoding="UTF-8"?>
<testsuite xmlns:xsi="http://www.w3.org/2001/XMLSchema-instance" xsi:noNamespaceSchemaLocation="https://maven.apache.org/surefire/maven-surefire-plugin/xsd/surefire-test-report.xsd" name="com.ekazantsev.MainTest" time="0.031" tests="1" errors="0" skipped="0" failures="0">
  <properties>
    <property name="java.specification.version" value="15"/>
    <property name="sun.cpu.isalist" value="amd64"/>
    <property name="sun.jnu.encoding" value="Cp1251"/>
    <property name="java.class.path" value="G:\Projects\Java\plsqlParser\target\test-classes;G:\Projects\Java\plsqlParser\target\classes;C:\Users\3gork\.m2\repository\junit\junit\4.11\junit-4.11.jar;C:\Users\3gork\.m2\repository\org\hamcrest\hamcrest-core\1.3\hamcrest-core-1.3.jar;C:\Users\3gork\.m2\repository\org\antlr\antlr4\4.9\antlr4-4.9.jar;C:\Users\3gork\.m2\repository\org\antlr\antlr4-runtime\4.9\antlr4-runtime-4.9.jar;C:\Users\3gork\.m2\repository\org\antlr\antlr-runtime\3.5.2\antlr-runtime-3.5.2.jar;C:\Users\3gork\.m2\repository\org\antlr\ST4\4.3\ST4-4.3.jar;C:\Users\3gork\.m2\repository\org\abego\treelayout\org.abego.treelayout.core\1.0.3\org.abego.treelayout.core-1.0.3.jar;C:\Users\3gork\.m2\repository\org\glassfish\javax.json\1.0.4\javax.json-1.0.4.jar;C:\Users\3gork\.m2\repository\com\ibm\icu\icu4j\61.1\icu4j-61.1.jar;C:\Users\3gork\.m2\repository\com\google\code\gson\gson\2.8.6\gson-2.8.6.jar;C:\Users\3gork\.m2\repository\commons-cli\commons-cli\1.4\commons-cli-1.4.jar;C:\Users\3gork\.m2\repository\commons-io\commons-io\2.7\commons-io-2.7.jar;"/>
    <property name="java.vm.vendor" value="Oracle Corporation"/>
    <property name="sun.arch.data.model" value="64"/>
    <property name="user.variant" value=""/>
    <property name="java.vendor.url" value="https://java.oracle.com/"/>
    <property name="user.timezone" value="Asia/Yekaterinburg"/>
    <property name="os.name" value="Windows 10"/>
    <property name="java.vm.specification.version" value="15"/>
    <property name="sun.java.launcher" value="SUN_STANDARD"/>
    <property name="user.country" value="RU"/>
    <property name="sun.boot.library.path" value="C:\Program Files\Java\jdk-15.0.1\bin"/>
    <property name="sun.java.command" value="C:\Users\3gork\AppData\Local\Temp\surefire13682272292785983031\surefirebooter8877385370246980061.jar C:\Users\3gork\AppData\Local\Temp\surefire13682272292785983031 2020-12-09T22-06-17_703-jvmRun1 surefire15081353471904819431tmp surefire_013228361724351160771tmp"/>
    <property name="jdk.debug" value="release"/>
    <property name="surefire.test.class.path" value="G:\Projects\Java\plsqlParser\target\test-classes;G:\Projects\Java\plsqlParser\target\classes;C:\Users\3gork\.m2\repository\junit\junit\4.11\junit-4.11.jar;C:\Users\3gork\.m2\repository\org\hamcrest\hamcrest-core\1.3\hamcrest-core-1.3.jar;C:\Users\3gork\.m2\repository\org\antlr\antlr4\4.9\antlr4-4.9.jar;C:\Users\3gork\.m2\repository\org\antlr\antlr4-runtime\4.9\antlr4-runtime-4.9.jar;C:\Users\3gork\.m2\repository\org\antlr\antlr-runtime\3.5.2\antlr-runtime-3.5.2.jar;C:\Users\3gork\.m2\repository\org\antlr\ST4\4.3\ST4-4.3.jar;C:\Users\3gork\.m2\repository\org\abego\treelayout\org.abego.treelayout.core\1.0.3\org.abego.treelayout.core-1.0.3.jar;C:\Users\3gork\.m2\repository\org\glassfish\javax.json\1.0.4\javax.json-1.0.4.jar;C:\Users\3gork\.m2\repository\com\ibm\icu\icu4j\61.1\icu4j-61.1.jar;C:\Users\3gork\.m2\repository\com\google\code\gson\gson\2.8.6\gson-2.8.6.jar;C:\Users\3gork\.m2\repository\commons-cli\commons-cli\1.4\commons-cli-1.4.jar;C:\Users\3gork\.m2\repository\commons-io\commons-io\2.7\commons-io-2.7.jar;"/>
    <property name="sun.cpu.endian" value="little"/>
    <property name="user.home" value="C:\Users\3gork"/>
    <property name="user.language" value="ru"/>
    <property name="java.specification.vendor" value="Oracle Corporation"/>
    <property name="java.version.date" value="2020-10-20"/>
    <property name="java.home" value="C:\Program Files\Java\jdk-15.0.1"/>
    <property name="file.separator" value="\"/>
    <property name="basedir" value="G:\Projects\Java\plsqlParser"/>
    <property name="java.vm.compressedOopsMode" value="Zero based"/>
    <property name="line.separator" value="&#10;"/>
    <property name="java.vm.specification.vendor" value="Oracle Corporation"/>
    <property name="java.specification.name" value="Java Platform API Specification"/>
    <property name="surefire.real.class.path" value="C:\Users\3gork\AppData\Local\Temp\surefire13682272292785983031\surefirebooter8877385370246980061.jar"/>
    <property name="user.script" value=""/>
    <property name="sun.management.compiler" value="HotSpot 64-Bit Tiered Compilers"/>
    <property name="java.runtime.version" value="15.0.1+9-18"/>
    <property name="user.name" value="3gork"/>
    <property name="path.separator" value=";"/>
    <property name="os.version" value="10.0"/>
    <property name="java.runtime.name" value="Java(TM) SE Runtime Environment"/>
    <property name="file.encoding" value="Cp1251"/>
    <property name="java.vm.name" value="Java HotSpot(TM) 64-Bit Server VM"/>
    <property name="localRepository" value="C:\Users\3gork\.m2\repository"/>
    <property name="java.vendor.url.bug" value="https://bugreport.java.com/bugreport/"/>
    <property name="java.io.tmpdir" value="C:\Users\3gork\AppData\Local\Temp\"/>
    <property name="idea.version" value="2020.2.3"/>
    <property name="java.version" value="15.0.1"/>
    <property name="user.dir" value="G:\Projects\Java\plsqlParser"/>
    <property name="os.arch" value="amd64"/>
    <property name="java.vm.specification.name" value="Java Virtual Machine Specification"/>
    <property name="sun.os.patch.level" value=""/>
    <property name="java.library.path" value="C:\Program Files\Java\jdk-15.0.1\bin;C:\WINDOWS\Sun\Java\bin;C:\WINDOWS\system32;C:\WINDOWS;C:\Program Files\Common Files\Oracle\Java\javapath;C:\ProgramData\Oracle\Java\javapath;C:\WINDOWS\system32;C:\WINDOWS;C:\WINDOWS\System32\Wbem;C:\WINDOWS\System32\WindowsPowerShell\v1.0\;C:\WINDOWS\System32\OpenSSH\;C:\Program Files (x86)\Intel\Intel(R) Management Engine Components\DAL;C:\Program Files\Intel\Intel(R) Management Engine Components\DAL;D:\Programs\Git\cmd;C:\Program Files\dotnet\;C:\Program Files\Java\jdk-13.0.1\bin;C:\Program Files (x86)\Vim\vim82;C:\Program Files\Java\Javalib;D:\Python38\Scripts\;D:\Python38\;C:\Users\3gork\AppData\Local\Microsoft\WindowsApps;D:\Programs\PyCharm\bin;;C:\Users\3gork\.dotnet\tools;;."/>
    <property name="java.vm.info" value="mixed mode, sharing"/>
    <property name="java.vendor" value="Oracle Corporation"/>
    <property name="java.vm.version" value="15.0.1+9-18"/>
    <property name="sun.io.unicode.encoding" value="UnicodeLittle"/>
    <property name="java.class.version" value="59.0"/>
  </properties>
  <testcase name="shouldAnswerWithTrue" classname="com.ekazantsev.MainTest" time="0.001"/>
</testsuite>